0 info it worked if it ends with ok
1 verbose cli [ 'C:\\Program Files\\nodejs\\node.exe',
1 verbose cli   'C:\\Program Files\\nodejs\\node_modules\\npm\\bin\\npm-cli.js',
1 verbose cli   'install',
1 verbose cli   'heroku-cli' ]
2 info using npm@2.14.4
3 info using node@v4.1.1
4 verbose install initial load of C:\users\jered\dev\kuroku\package.json
5 warn package.json kuroku@1.0.0 No repository field.
6 warn package.json kuroku@1.0.0 No README data
7 verbose installManyTop reading scoped package data from C:\users\jered\dev\kuroku\node_modules\express\package.json
8 verbose installManyTop reading scoped package data from C:\users\jered\dev\kuroku\node_modules\jade\package.json
9 verbose readDependencies loading dependencies from C:\users\jered\dev\kuroku\package.json
10 silly cache add args [ 'heroku-cli', null ]
11 verbose cache add spec heroku-cli
12 silly cache add parsed spec Result {
12 silly cache add   raw: 'heroku-cli',
12 silly cache add   scope: null,
12 silly cache add   name: 'heroku-cli',
12 silly cache add   rawSpec: '',
12 silly cache add   spec: '*',
12 silly cache add   type: 'range' }
13 silly addNamed heroku-cli@*
14 verbose addNamed "*" is a valid semver range for heroku-cli
15 silly addNameRange { name: 'heroku-cli', range: '*', hasData: false }
16 silly mapToRegistry name heroku-cli
17 silly mapToRegistry using default registry
18 silly mapToRegistry registry https://registry.npmjs.org/
19 silly mapToRegistry uri https://registry.npmjs.org/heroku-cli
20 verbose addNameRange registry:https://registry.npmjs.org/heroku-cli not in flight; fetching
21 verbose request uri https://registry.npmjs.org/heroku-cli
22 verbose request no auth needed
23 info attempt registry request try #1 at 12:14:11 AM
24 verbose request id d98ce191cf39708e
25 http request GET https://registry.npmjs.org/heroku-cli
26 http 404 https://registry.npmjs.org/heroku-cli
27 verbose headers { 'content-type': 'application/json',
27 verbose headers   'cache-control': 'max-age=0',
27 verbose headers   'content-length': '2',
27 verbose headers   'accept-ranges': 'bytes',
27 verbose headers   date: 'Fri, 23 Oct 2015 05:13:35 GMT',
27 verbose headers   via: '1.1 varnish',
27 verbose headers   age: '0',
27 verbose headers   connection: 'keep-alive',
27 verbose headers   'x-served-by': 'cache-jfk1035-JFK',
27 verbose headers   'x-cache': 'MISS',
27 verbose headers   'x-cache-hits': '0',
27 verbose headers   'x-timer': 'S1445577215.762895,VS0,VE21' }
28 silly get cb [ 404,
28 silly get   { 'content-type': 'application/json',
28 silly get     'cache-control': 'max-age=0',
28 silly get     'content-length': '2',
28 silly get     'accept-ranges': 'bytes',
28 silly get     date: 'Fri, 23 Oct 2015 05:13:35 GMT',
28 silly get     via: '1.1 varnish',
28 silly get     age: '0',
28 silly get     connection: 'keep-alive',
28 silly get     'x-served-by': 'cache-jfk1035-JFK',
28 silly get     'x-cache': 'MISS',
28 silly get     'x-cache-hits': '0',
28 silly get     'x-timer': 'S1445577215.762895,VS0,VE21' } ]
29 verbose stack Error: Registry returned 404 for GET on https://registry.npmjs.org/heroku-cli
29 verbose stack     at makeError (C:\Program Files\nodejs\node_modules\npm\node_modules\npm-registry-client\lib\request.js:263:12)
29 verbose stack     at CachingRegistryClient.<anonymous> (C:\Program Files\nodejs\node_modules\npm\node_modules\npm-registry-client\lib\request.js:241:14)
29 verbose stack     at Request._callback (C:\Program Files\nodejs\node_modules\npm\node_modules\npm-registry-client\lib\request.js:171:14)
29 verbose stack     at Request.self.callback (C:\Program Files\nodejs\node_modules\npm\node_modules\request\request.js:198:22)
29 verbose stack     at emitTwo (events.js:87:13)
29 verbose stack     at Request.emit (events.js:172:7)
29 verbose stack     at Request.<anonymous> (C:\Program Files\nodejs\node_modules\npm\node_modules\request\request.js:1073:14)
29 verbose stack     at emitOne (events.js:82:20)
29 verbose stack     at Request.emit (events.js:169:7)
29 verbose stack     at IncomingMessage.<anonymous> (C:\Program Files\nodejs\node_modules\npm\node_modules\request\request.js:1019:12)
30 verbose statusCode 404
31 verbose pkgid heroku-cli
32 verbose cwd C:\users\jered\dev\kuroku
33 error Windows_NT 10.0.10240
34 error argv "C:\\Program Files\\nodejs\\node.exe" "C:\\Program Files\\nodejs\\node_modules\\npm\\bin\\npm-cli.js" "install" "heroku-cli"
35 error node v4.1.1
36 error npm  v2.14.4
37 error code E404
38 error 404 Registry returned 404 for GET on https://registry.npmjs.org/heroku-cli
38 error 404
38 error 404 'heroku-cli' is not in the npm registry.
38 error 404 You should bug the author to publish it (or use the name yourself!)
38 error 404 It was specified as a dependency of 'kuroku'
38 error 404
38 error 404 Note that you can also install from a
38 error 404 tarball, folder, http url, or git url.
39 verbose exit [ 1, true ]
